

Processing ApplicationController#index (for 127.0.0.1 at 2009-04-25 10:28:24) [GET]

ActionController::RoutingError (No route matches "/homepage" with {:method=>:get}):
  

Rendering rescues/layout (not_found)


Processing PagesController#homepage (for 127.0.0.1 at 2009-04-25 10:28:29) [GET]
Rendering template within layouts/application
Rendering pages/homepage
Completed in 45ms (View: 44, DB: 0) | 200 OK [http://0.0.0.0/pages/homepage]


Processing PagesController#homepage (for 127.0.0.1 at 2009-04-25 10:32:03) [GET]
Rendering template within layouts/application
Rendering pages/homepage
Completed in 4ms (View: 2, DB: 0) | 200 OK [http://0.0.0.0/]
  [4;36;1mSQL (0.2ms)[0m   [0;1mSET SQL_AUTO_IS_NULL=0[0m
  [4;35;1mSQL (0.3ms)[0m   [0mSHOW TABLES[0m
  [4;36;1mSQL (2.2ms)[0m   [0;1mCREATE TABLE `schema_migrations` (`version` varchar(255) NOT NULL) ENGINE=InnoDB[0m
  [4;35;1mSQL (38.7ms)[0m   [0mCREATE UNIQUE INDEX `unique_schema_migrations` ON `schema_migrations` (`version`)[0m
  [4;36;1mSQL (0.3ms)[0m   [0;1mSHOW TABLES[0m
  [4;35;1mSQL (0.3ms)[0m   [0mSELECT version FROM schema_migrations[0m
Migrating to CreateItems (20090425094140)
  [4;36;1mSQL (15.5ms)[0m   [0;1mCREATE TABLE `items` (`id` int(11) DEFAULT NULL auto_increment PRIMARY KEY, `name` varchar(255), `created_at` datetime, `updated_at` datetime, `category_id` int(11), `image_file_name` varchar(255), `buy_now` varchar(255), `tip` varchar(255)) ENGINE=InnoDB[0m
  [4;35;1mSQL (0.7ms)[0m   [0mINSERT INTO schema_migrations (version) VALUES ('20090425094140')[0m
Migrating to CreateCategories (20090425094148)
  [4;36;1mSQL (17.4ms)[0m   [0;1mCREATE TABLE `categories` (`id` int(11) DEFAULT NULL auto_increment PRIMARY KEY, `created_at` datetime, `updated_at` datetime, `title` varchar(255)) ENGINE=InnoDB[0m
  [4;35;1mSQL (0.7ms)[0m   [0mINSERT INTO schema_migrations (version) VALUES ('20090425094148')[0m
  [4;36;1mSQL (0.5ms)[0m   [0;1mSHOW TABLES[0m
  [4;35;1mSQL (0.3ms)[0m   [0mSELECT version FROM schema_migrations[0m
  [4;36;1mSQL (0.3ms)[0m   [0;1mSHOW TABLES[0m
  [4;35;1mSQL (3.0ms)[0m   [0mSHOW FIELDS FROM `categories`[0m
  [4;36;1mSQL (1.7ms)[0m   [0;1mdescribe `categories`[0m
  [4;35;1mSQL (0.7ms)[0m   [0mSHOW KEYS FROM `categories`[0m
  [4;36;1mSQL (1.5ms)[0m   [0;1mSHOW FIELDS FROM `items`[0m
  [4;35;1mSQL (2.9ms)[0m   [0mdescribe `items`[0m
  [4;36;1mSQL (0.6ms)[0m   [0;1mSHOW KEYS FROM `items`[0m
  [4;36;1mSQL (0.2ms)[0m   [0;1mSET SQL_AUTO_IS_NULL=0[0m
  [4;35;1mSQL (0.4ms)[0m   [0mSHOW TABLES[0m
  [4;36;1mSQL (0.2ms)[0m   [0;1mSELECT version FROM schema_migrations[0m
Migrating to CreateItems (20090425094140)
Migrating to CreateCategories (20090425094148)
Migrating to CreateInitialCategories (20090425095535)
  [4;35;1mCategory Columns (1.7ms)[0m   [0mSHOW FIELDS FROM `categories`[0m
  [4;36;1mSQL (0.1ms)[0m   [0;1mBEGIN[0m
  [4;35;1mCategory Create (0.3ms)[0m   [0mINSERT INTO `categories` (`updated_at`, `title`, `created_at`) VALUES('2009-04-25 10:00:11', 'Clothes', '2009-04-25 10:00:11')[0m
  [4;36;1mSQL (0.6ms)[0m   [0;1mCOMMIT[0m
  [4;35;1mSQL (0.1ms)[0m   [0mBEGIN[0m
  [4;36;1mCategory Create (0.2ms)[0m   [0;1mINSERT INTO `categories` (`updated_at`, `title`, `created_at`) VALUES('2009-04-25 10:00:11', 'Toiletires', '2009-04-25 10:00:11')[0m
  [4;35;1mSQL (0.6ms)[0m   [0mCOMMIT[0m
  [4;36;1mSQL (0.1ms)[0m   [0;1mBEGIN[0m
  [4;35;1mCategory Create (0.2ms)[0m   [0mINSERT INTO `categories` (`updated_at`, `title`, `created_at`) VALUES('2009-04-25 10:00:11', 'Equipment', '2009-04-25 10:00:11')[0m
  [4;36;1mSQL (0.5ms)[0m   [0;1mCOMMIT[0m
  [4;35;1mSQL (0.1ms)[0m   [0mBEGIN[0m
  [4;36;1mCategory Create (0.1ms)[0m   [0;1mINSERT INTO `categories` (`updated_at`, `title`, `created_at`) VALUES('2009-04-25 10:00:11', 'Everything Else', '2009-04-25 10:00:11')[0m
  [4;35;1mSQL (0.5ms)[0m   [0mCOMMIT[0m
  [4;36;1mSQL (0.7ms)[0m   [0;1mINSERT INTO schema_migrations (version) VALUES ('20090425095535')[0m
  [4;35;1mSQL (0.5ms)[0m   [0mSHOW TABLES[0m
  [4;36;1mSQL (0.2ms)[0m   [0;1mSELECT version FROM schema_migrations[0m
  [4;35;1mSQL (0.3ms)[0m   [0mSHOW TABLES[0m
  [4;36;1mSQL (1.7ms)[0m   [0;1mSHOW FIELDS FROM `categories`[0m
  [4;35;1mSQL (1.5ms)[0m   [0mdescribe `categories`[0m
  [4;36;1mSQL (0.9ms)[0m   [0;1mSHOW KEYS FROM `categories`[0m
  [4;35;1mSQL (1.8ms)[0m   [0mSHOW FIELDS FROM `items`[0m
  [4;36;1mSQL (2.5ms)[0m   [0;1mdescribe `items`[0m
  [4;35;1mSQL (0.7ms)[0m   [0mSHOW KEYS FROM `items`[0m


Processing PagesController#homepage (for 127.0.0.1 at 2009-04-25 11:04:58) [GET]
Rendering template within layouts/application
Rendering pages/homepage
  [4;36;1mCategory Load (0.0ms)[0m   [0;1mSQLite3::SQLException: no such table: categories: SELECT * FROM "categories" [0m

ActionView::TemplateError (SQLite3::SQLException: no such table: categories: SELECT * FROM "categories" ) on line #15 of app/views/layouts/application.html.erb:
12: 	<div id="content">
13: 		<div id="header">
14: 			<h1>ipackedit.com</h1>
15: 			<% for category in Category.all %>
16: 			cat 
17: 			<% end %>
18: 		</div>

    app/views/layouts/application.html.erb:15

Rendered rescues/_trace (42.7ms)
Rendered rescues/_request_and_response (1.4ms)
Rendering rescues/layout (internal_server_error)
  [4;36;1mSQL (0.2ms)[0m   [0;1mSET SQL_AUTO_IS_NULL=0[0m


Processing PagesController#homepage (for 127.0.0.1 at 2009-04-25 11:06:02) [GET]
Rendering template within layouts/application
Rendering pages/homepage
  [4;35;1mCategory Load (0.5ms)[0m   [0mSELECT * FROM `categories` [0m
Completed in 26ms (View: 23, DB: 1) | 200 OK [http://0.0.0.0/]
  [4;36;1mSQL (0.1ms)[0m   [0;1mSET SQL_AUTO_IS_NULL=0[0m


Processing PagesController#homepage (for 127.0.0.1 at 2009-04-25 11:12:45) [GET]
Rendering template within layouts/application
Rendering pages/homepage
  [4;35;1mCategory Load (0.3ms)[0m   [0mSELECT * FROM `categories` [0m
  [4;36;1mCategory Columns (1.6ms)[0m   [0;1mSHOW FIELDS FROM `categories`[0m
Completed in 14ms (View: 11, DB: 2) | 200 OK [http://0.0.0.0/]
  [4;35;1mSQL (0.6ms)[0m   [0mSET SQL_AUTO_IS_NULL=0[0m


Processing PagesController#homepage (for 127.0.0.1 at 2009-04-25 11:13:59) [GET]
Rendering template within layouts/application
Rendering pages/homepage
  [4;36;1mCategory Load (0.5ms)[0m   [0;1mSELECT * FROM `categories` [0m
  [4;35;1mCategory Columns (1.7ms)[0m   [0mSHOW FIELDS FROM `categories`[0m
Completed in 15ms (View: 11, DB: 3) | 200 OK [http://0.0.0.0/]
  [4;36;1mSQL (0.1ms)[0m   [0;1mSET SQL_AUTO_IS_NULL=0[0m


Processing PagesController#homepage (for 127.0.0.1 at 2009-04-25 11:14:00) [GET]
Rendering template within layouts/application
Rendering pages/homepage
  [4;35;1mCategory Load (0.4ms)[0m   [0mSELECT * FROM `categories` [0m
  [4;36;1mCategory Columns (1.8ms)[0m   [0;1mSHOW FIELDS FROM `categories`[0m
Completed in 14ms (View: 10, DB: 2) | 200 OK [http://0.0.0.0/]
  [4;35;1mSQL (0.2ms)[0m   [0mSET SQL_AUTO_IS_NULL=0[0m


Processing PagesController#homepage (for 127.0.0.1 at 2009-04-25 11:14:04) [GET]
Rendering template within layouts/application
Rendering pages/homepage
  [4;36;1mCategory Load (0.4ms)[0m   [0;1mSELECT * FROM `categories` [0m
  [4;35;1mCategory Columns (1.6ms)[0m   [0mSHOW FIELDS FROM `categories`[0m
Completed in 69ms (View: 66, DB: 2) | 200 OK [http://0.0.0.0/]
  [4;36;1mSQL (2.6ms)[0m   [0;1mSET SQL_AUTO_IS_NULL=0[0m


Processing PagesController#homepage (for 127.0.0.1 at 2009-04-25 11:15:06) [GET]
Rendering template within layouts/application
Rendering pages/homepage
  [4;35;1mCategory Load (0.4ms)[0m   [0mSELECT * FROM `categories` [0m
  [4;36;1mCategory Columns (1.8ms)[0m   [0;1mSHOW FIELDS FROM `categories`[0m
Completed in 18ms (View: 15, DB: 5) | 200 OK [http://0.0.0.0/]
  [4;35;1mSQL (0.1ms)[0m   [0mSET SQL_AUTO_IS_NULL=0[0m


Processing PagesController#homepage (for 127.0.0.1 at 2009-04-25 11:18:48) [GET]
Rendering template within layouts/application
Rendering pages/homepage
  [4;36;1mCategory Load (0.4ms)[0m   [0;1mSELECT * FROM `categories` [0m
  [4;35;1mCategory Columns (1.7ms)[0m   [0mSHOW FIELDS FROM `categories`[0m
Completed in 15ms (View: 11, DB: 2) | 200 OK [http://0.0.0.0/]
  [4;36;1mSQL (0.2ms)[0m   [0;1mSET SQL_AUTO_IS_NULL=0[0m


Processing CategoriesController#show (for 127.0.0.1 at 2009-04-25 11:19:00) [GET]
  Parameters: {"id"=>"1"}

ActionView::MissingTemplate (Missing template categories/show.erb in view path app/views):
  

Rendering rescues/layout (internal_server_error)
  [4;35;1mSQL (0.2ms)[0m   [0mSET SQL_AUTO_IS_NULL=0[0m


Processing CategoriesController#show (for 127.0.0.1 at 2009-04-25 11:19:08) [GET]
  Parameters: {"id"=>"4"}

ActionView::MissingTemplate (Missing template categories/show.erb in view path app/views):
  

Rendering rescues/layout (internal_server_error)
  [4;36;1mSQL (0.2ms)[0m   [0;1mSET SQL_AUTO_IS_NULL=0[0m


Processing PagesController#homepage (for 127.0.0.1 at 2009-04-25 11:23:54) [GET]
Rendering template within layouts/application
Rendering pages/homepage
  [4;35;1mCategory Load (0.4ms)[0m   [0mSELECT * FROM `categories` [0m
  [4;36;1mCategory Columns (1.8ms)[0m   [0;1mSHOW FIELDS FROM `categories`[0m
Completed in 13ms (View: 10, DB: 2) | 200 OK [http://0.0.0.0/]
  [4;35;1mSQL (0.2ms)[0m   [0mSET SQL_AUTO_IS_NULL=0[0m


Processing CategoriesController#show (for 127.0.0.1 at 2009-04-25 11:23:56) [GET]
  Parameters: {"id"=>"1"}

NameError (uninitialized constant CategoriesController::Categories):
  app/controllers/categories_controller.rb:3:in `show'

Rendered rescues/_trace (84.7ms)
Rendered rescues/_request_and_response (1.4ms)
Rendering rescues/layout (internal_server_error)
  [4;36;1mSQL (0.2ms)[0m   [0;1mSET SQL_AUTO_IS_NULL=0[0m


Processing CategoriesController#show (for 127.0.0.1 at 2009-04-25 11:23:59) [GET]
  Parameters: {"id"=>"1"}

NameError (uninitialized constant CategoriesController::Categories):
  app/controllers/categories_controller.rb:3:in `show'

Rendered rescues/_trace (30.0ms)
Rendered rescues/_request_and_response (0.3ms)
Rendering rescues/layout (internal_server_error)
  [4;35;1mSQL (0.1ms)[0m   [0mSET SQL_AUTO_IS_NULL=0[0m


Processing CategoriesController#show (for 127.0.0.1 at 2009-04-25 11:24:00) [GET]
  Parameters: {"id"=>"1"}

NameError (uninitialized constant CategoriesController::Categories):
  app/controllers/categories_controller.rb:3:in `show'

Rendered rescues/_trace (33.0ms)
Rendered rescues/_request_and_response (0.3ms)
Rendering rescues/layout (internal_server_error)
  [4;36;1mSQL (0.2ms)[0m   [0;1mSET SQL_AUTO_IS_NULL=0[0m


Processing CategoriesController#show (for 127.0.0.1 at 2009-04-25 11:24:09) [GET]
  Parameters: {"id"=>"1"}
  [4;35;1mCategory Columns (1.6ms)[0m   [0mSHOW FIELDS FROM `categories`[0m
  [4;36;1mCategory Load (38.7ms)[0m   [0;1mSELECT * FROM `categories` WHERE (`categories`.`id` = 1) [0m
Rendering template within layouts/application
Rendering categories/show
  [4;35;1mCategory Load (0.3ms)[0m   [0mSELECT * FROM `categories` [0m
Completed in 59ms (View: 12, DB: 41) | 200 OK [http://0.0.0.0/categories/1]
  [4;36;1mSQL (0.2ms)[0m   [0;1mSET SQL_AUTO_IS_NULL=0[0m


Processing CategoriesController#show (for 127.0.0.1 at 2009-04-25 11:24:11) [GET]
  Parameters: {"id"=>"4"}
  [4;35;1mCategory Columns (2.3ms)[0m   [0mSHOW FIELDS FROM `categories`[0m
  [4;36;1mCategory Load (0.3ms)[0m   [0;1mSELECT * FROM `categories` WHERE (`categories`.`id` = 4) [0m
Rendering template within layouts/application
Rendering categories/show
  [4;35;1mCategory Load (0.3ms)[0m   [0mSELECT * FROM `categories` [0m
Completed in 13ms (View: 3, DB: 3) | 200 OK [http://0.0.0.0/categories/4]
  [4;36;1mSQL (0.2ms)[0m   [0;1mSET SQL_AUTO_IS_NULL=0[0m


Processing CategoriesController#show (for 127.0.0.1 at 2009-04-25 11:24:12) [GET]
  Parameters: {"id"=>"1"}
  [4;35;1mCategory Columns (2.1ms)[0m   [0mSHOW FIELDS FROM `categories`[0m
  [4;36;1mCategory Load (0.3ms)[0m   [0;1mSELECT * FROM `categories` WHERE (`categories`.`id` = 1) [0m
Rendering template within layouts/application
Rendering categories/show
  [4;35;1mCategory Load (0.2ms)[0m   [0mSELECT * FROM `categories` [0m
Completed in 13ms (View: 3, DB: 3) | 200 OK [http://0.0.0.0/categories/1]
  [4;36;1mSQL (0.1ms)[0m   [0;1mSET SQL_AUTO_IS_NULL=0[0m


Processing CategoriesController#show (for 127.0.0.1 at 2009-04-25 11:24:38) [GET]
  Parameters: {"id"=>"1"}
  [4;35;1mCategory Columns (2.2ms)[0m   [0mSHOW FIELDS FROM `categories`[0m
  [4;36;1mCategory Load (0.7ms)[0m   [0;1mSELECT * FROM `categories` WHERE (`categories`.`id` = 1) [0m
Rendering template within layouts/application
Rendering categories/show
  [4;35;1mCategory Load (0.3ms)[0m   [0mSELECT * FROM `categories` [0m
Completed in 14ms (View: 5, DB: 3) | 200 OK [http://0.0.0.0/categories/1]
  [4;36;1mSQL (0.2ms)[0m   [0;1mSET SQL_AUTO_IS_NULL=0[0m


Processing CategoriesController#show (for 127.0.0.1 at 2009-04-25 11:24:41) [GET]
  Parameters: {"id"=>"4"}
  [4;35;1mCategory Columns (2.4ms)[0m   [0mSHOW FIELDS FROM `categories`[0m
  [4;36;1mCategory Load (45.2ms)[0m   [0;1mSELECT * FROM `categories` WHERE (`categories`.`id` = 4) [0m
Rendering template within layouts/application
Rendering categories/show
  [4;35;1mCategory Load (0.3ms)[0m   [0mSELECT * FROM `categories` [0m
Completed in 58ms (View: 5, DB: 48) | 200 OK [http://0.0.0.0/categories/4]
  [4;36;1mSQL (0.2ms)[0m   [0;1mSET SQL_AUTO_IS_NULL=0[0m


Processing CategoriesController#show (for 127.0.0.1 at 2009-04-25 11:26:13) [GET]
  Parameters: {"id"=>"1"}
  [4;35;1mCategory Columns (2.9ms)[0m   [0mSHOW FIELDS FROM `categories`[0m
  [4;36;1mCategory Load (0.3ms)[0m   [0;1mSELECT * FROM `categories` WHERE (`categories`.`id` = 1) [0m
Rendering template within layouts/application
Rendering categories/show
  [4;35;1mCategory Load (0.3ms)[0m   [0mSELECT * FROM `categories` [0m
Completed in 12ms (View: 3, DB: 4) | 200 OK [http://0.0.0.0/categories/1]
  [4;36;1mSQL (0.5ms)[0m   [0;1mSET SQL_AUTO_IS_NULL=0[0m


Processing CategoriesController#show (for 127.0.0.1 at 2009-04-25 11:28:21) [GET]
  Parameters: {"id"=>"1"}
  [4;35;1mCategory Columns (2.4ms)[0m   [0mSHOW FIELDS FROM `categories`[0m
  [4;36;1mCategory Load (0.4ms)[0m   [0;1mSELECT * FROM `categories` WHERE (`categories`.`id` = 1) [0m
Rendering template within layouts/application
Rendering categories/show
  [4;35;1mItem Load (0.4ms)[0m   [0mSELECT * FROM `items` WHERE (`items`.category_id = 1) [0m
  [4;36;1mItem Columns (2.8ms)[0m   [0;1mSHOW FIELDS FROM `items`[0m
  [4;35;1mCategory Load (5.2ms)[0m   [0mSELECT * FROM `categories` [0m
Completed in 341ms (View: 324, DB: 12) | 200 OK [http://0.0.0.0/categories/1]
  [4;36;1mSQL (0.1ms)[0m   [0;1mSET SQL_AUTO_IS_NULL=0[0m


Processing CategoriesController#show (for 127.0.0.1 at 2009-04-25 11:28:22) [GET]
  Parameters: {"id"=>"1"}
  [4;35;1mCategory Columns (2.1ms)[0m   [0mSHOW FIELDS FROM `categories`[0m
  [4;36;1mCategory Load (0.3ms)[0m   [0;1mSELECT * FROM `categories` WHERE (`categories`.`id` = 1) [0m
Rendering template within layouts/application
Rendering categories/show
  [4;35;1mItem Load (0.3ms)[0m   [0mSELECT * FROM `items` WHERE (`items`.category_id = 1) [0m
  [4;36;1mItem Columns (38.4ms)[0m   [0;1mSHOW FIELDS FROM `items`[0m
  [4;35;1mCategory Load (0.3ms)[0m   [0mSELECT * FROM `categories` [0m
Completed in 56ms (View: 9, DB: 42) | 200 OK [http://0.0.0.0/categories/1]
